[debug] [2021-07-17T10:17:48.430Z] ----------------------------------------------------------------------
[debug] [2021-07-17T10:17:48.434Z] Command:       C:\Program Files\nodejs\node.exe C:\Users\Giribabu Anisetti\AppData\Roaming\npm\node_modules\firebase-tools\lib\bin\firebase.js init
[debug] [2021-07-17T10:17:48.435Z] CLI Version:   9.7.0
[debug] [2021-07-17T10:17:48.435Z] Platform:      win32
[debug] [2021-07-17T10:17:48.435Z] Node Version:  v14.16.1
[debug] [2021-07-17T10:17:48.439Z] Time:          Sat Jul 17 2021 15:47:48 GMT+0530 (India Standard Time)
[debug] [2021-07-17T10:17:48.440Z] ----------------------------------------------------------------------
[debug] 
[debug] [2021-07-17T10:17:48.446Z] >>> [apiv2][query] GET https://firebase-public.firebaseio.com/cli.json [none]
[debug] [2021-07-17T10:17:48.490Z] > command requires scopes: ["email","openid","https://www.googleapis.com/auth/cloudplatformprojects.readonly","https://www.googleapis.com/auth/firebase","https://www.googleapis.com/auth/cloud-platform"]
[debug] [2021-07-17T10:17:48.491Z] > authorizing via signed-in user
[info] 
     ######## #### ########  ######## ########     ###     ######  ########
     ##        ##  ##     ## ##       ##     ##  ##   ##  ##       ##
     ######    ##  ########  ######   ########  #########  ######  ######
     ##        ##  ##    ##  ##       ##     ## ##     ##       ## ##
     ##       #### ##     ## ######## ########  ##     ##  ######  ########

You're about to initialize a Firebase project in this directory:

  D:\tech-challenge\dashboard

[debug] [2021-07-17T10:17:49.708Z] <<< [apiv2][status] GET https://firebase-public.firebaseio.com/cli.json 200
[debug] [2021-07-17T10:17:49.709Z] <<< [apiv2][body] GET https://firebase-public.firebaseio.com/cli.json {"cloudBuildErrorAfter":1594252800000,"cloudBuildWarnAfter":1590019200000,"defaultNode10After":1594252800000,"minVersion":"3.0.5","node8DeploysDisabledAfter":1613390400000,"node8RuntimeDisabledAfter":1615809600000,"node8WarnAfter":1600128000000}
